<?xml version="1.0" encoding="UTF-8"?>
<!-- Generated by org.testng.reporters.JUnitReportReporter -->
<testsuite skipped="0" hostname="Dell-PC" name="com.telstra.test.LoginTest" tests="1" failures="0" timestamp="13 Apr 2020 18:10:30 GMT" time="83.622" errors="0">
  <testcase name="loginTest1" time="83.622" classname="com.telstra.test.LoginTest"/>
</testsuite> <!-- com.telstra.test.LoginTest -->
