<?xml version="1.0" encoding="UTF-8"?>
<!-- Generated by org.testng.reporters.JUnitReportReporter -->
<testsuite skipped="0" hostname="Dell-PC" name="com.telstra.test.LoginTest" tests="1" failures="0" timestamp="15 Apr 2020 12:00:41 GMT" time="97.761" errors="0">
  <testcase name="loginTest1" time="97.761" classname="com.telstra.test.LoginTest"/>
</testsuite> <!-- com.telstra.test.LoginTest -->
