<?xml version="1.0" encoding="UTF-8"?>
<!-- Generated by org.testng.reporters.JUnitReportReporter -->
<testsuite skipped="0" hostname="Dell-PC" name="com.telstra.test.CheckoutItemTest" tests="1" failures="0" timestamp="13 Apr 2020 18:10:30 GMT" time="375.711" errors="0">
  <testcase name="checkoutItem" time="375.711" classname="com.telstra.test.CheckoutItemTest"/>
</testsuite> <!-- com.telstra.test.CheckoutItemTest -->
