<?xml version="1.0" encoding="UTF-8"?>
<!-- Generated by org.testng.reporters.JUnitReportReporter -->
<testsuite skipped="0" hostname="Dell-PC" name="com.telstra.test.CheckoutItemTest" tests="1" failures="0" timestamp="15 Apr 2020 12:00:41 GMT" time="363.216" errors="0">
  <testcase name="checkoutItem" time="363.216" classname="com.telstra.test.CheckoutItemTest"/>
</testsuite> <!-- com.telstra.test.CheckoutItemTest -->
